TN:verilator_coverage
SF:/home/yzcc/ysyx-workbench/npc/debug/picker_out_MulDebug/MulDebug.v
DA:54,82
DA:55,74
DA:62,248
DA:63,254
DA:70,0
DA:71,2
DA:72,2
DA:73,2
DA:74,1
DA:75,0
DA:768,2
DA:769,2
DA:770,2
DA:771,2
DA:772,1
DA:773,1
DA:774,3
DA:775,3
DA:776,1
DA:777,1
DA:778,4
DA:779,4
DA:780,3
DA:781,3
DA:784,0
DA:785,1
DA:786,1
DA:787,1
DA:788,1
DA:789,0
DA:790,1
DA:791,0
DA:792,0
DA:793,0
DA:794,1
DA:795,1
DA:796,0
DA:797,1
DA:798,0
DA:799,0
DA:800,1
DA:801,1
DA:802,1
DA:803,0
DA:804,0
DA:805,0
DA:806,1
DA:807,1
DA:808,1
DA:809,1
DA:810,1
DA:811,0
DA:812,1
DA:813,0
DA:814,0
DA:815,1
DA:816,0
DA:817,0
DA:818,1
DA:819,1
DA:820,0
DA:821,0
DA:822,1
DA:823,0
DA:824,1
DA:825,0
DA:826,1
DA:827,1
DA:828,1
DA:829,0
DA:830,1
DA:831,0
DA:832,0
DA:833,1
DA:834,0
DA:835,1
DA:836,0
DA:837,0
DA:838,0
DA:839,1
DA:840,1
DA:841,1
DA:842,1
DA:843,1
DA:844,0
DA:845,1
DA:846,1
DA:847,0
DA:848,0
DA:849,1
DA:850,1
DA:851,1
DA:852,1
DA:853,1
DA:854,1
DA:855,1
DA:856,1
DA:857,1
DA:858,1
DA:859,1
DA:860,0
DA:861,1
DA:862,0
DA:863,0
DA:864,0
DA:865,0
DA:866,1
DA:867,1
DA:868,0
DA:869,0
DA:870,1
DA:871,0
DA:872,0
DA:873,0
DA:874,0
DA:875,0
DA:876,0
DA:877,0
DA:878,1
DA:879,1
DA:880,1
DA:881,0
DA:882,0
DA:883,1
DA:884,0
DA:885,1
DA:886,0
DA:887,0
DA:888,1
DA:889,1
DA:890,1
DA:891,0
DA:892,0
DA:893,1
DA:894,0
DA:895,1
DA:896,0
DA:897,1
DA:898,0
DA:899,0
DA:900,1
DA:901,0
DA:902,1
DA:903,1
DA:904,1
DA:905,0
DA:906,0
DA:907,1
DA:908,1
DA:909,0
DA:910,1
DA:911,0
DA:912,1
DA:913,0
DA:914,0
DA:915,0
DA:916,0
DA:917,1
DA:918,1
DA:919,1
DA:920,1
DA:921,1
DA:922,0
DA:923,1
DA:924,0
DA:925,0
DA:926,0
DA:927,0
DA:928,1
DA:929,1
DA:930,1
DA:931,1
DA:932,0
DA:933,1
DA:934,1
DA:935,0
DA:936,0
DA:937,1
DA:938,1
DA:939,1
DA:940,1
DA:941,0
DA:942,1
DA:943,0
DA:944,0
DA:945,0
DA:946,0
DA:947,0
DA:948,1
DA:949,0
DA:950,0
DA:951,1
DA:952,0
DA:953,1
DA:954,0
DA:955,1
DA:956,1
DA:957,1
DA:958,0
DA:959,1
DA:960,0
DA:961,0
DA:962,0
DA:963,1
DA:964,1
DA:965,1
DA:966,0
DA:967,0
DA:968,0
DA:969,0
DA:970,1
DA:971,1
DA:972,0
DA:973,0
DA:974,0
DA:975,0
DA:976,1
DA:977,1
DA:978,1
DA:979,0
DA:980,1
DA:981,0
DA:982,0
DA:983,1
DA:984,1
DA:985,1
DA:986,1
DA:987,0
DA:988,1
DA:989,0
DA:990,0
DA:991,1
DA:992,0
DA:993,0
DA:994,1
DA:995,0
DA:996,0
DA:997,1
DA:998,1
DA:999,0
DA:1000,1
DA:1001,1
DA:1002,1
DA:1003,0
DA:1004,0
DA:1005,1
DA:1006,1
DA:1007,0
DA:1008,1
DA:1009,1
DA:1010,0
DA:1011,0
DA:1012,1
DA:1013,1
DA:1014,0
DA:1015,0
DA:1016,1
DA:1017,1
DA:1018,0
DA:1019,1
DA:1020,1
DA:1021,1
DA:1022,1
DA:1023,1
DA:1024,0
DA:1025,1
DA:1026,0
DA:1027,0
DA:1028,1
DA:1029,1
DA:1030,1
DA:1031,1
DA:1032,1
DA:1033,0
DA:1034,1
DA:1035,1
DA:1036,1
DA:1037,0
DA:1038,0
DA:1039,0
DA:1040,0
DA:1041,0
DA:1042,1
DA:1043,1
DA:1044,0
DA:1045,0
DA:1046,1
DA:1047,1
DA:1048,0
DA:1049,0
DA:1050,1
DA:1051,0
DA:1052,1
DA:1053,0
DA:1054,1
DA:1055,0
DA:1056,0
DA:1057,0
DA:1058,0
DA:1059,0
DA:1060,0
DA:1061,1
DA:1062,0
DA:1063,1
DA:1064,1
DA:1065,1
DA:1066,0
DA:1067,1
DA:1068,0
DA:1069,1
DA:1070,0
DA:1071,0
DA:1072,0
DA:1073,1
DA:1074,1
DA:1075,0
DA:1076,0
DA:1077,0
DA:1078,0
DA:1079,1
DA:1080,1
DA:1081,0
DA:1082,1
DA:1083,0
DA:1084,0
DA:1085,1
DA:1086,0
DA:1087,0
DA:1088,1
DA:1089,0
DA:1090,1
DA:1091,1
DA:1092,0
DA:1093,1
DA:1094,0
DA:1095,0
DA:1096,0
DA:1097,1
DA:1098,1
DA:1099,1
DA:1100,0
DA:1101,1
DA:1102,0
DA:1103,1
DA:1104,0
DA:1105,0
DA:1106,0
DA:1107,1
DA:1108,0
DA:1109,0
DA:1110,1
DA:1111,1
DA:1112,1
DA:1113,0
DA:1114,0
DA:1115,0
DA:1116,0
DA:1117,0
DA:1118,0
DA:1119,1
DA:1120,0
DA:1121,0
DA:1122,0
DA:1123,0
DA:1124,0
DA:1125,0
DA:1126,0
DA:1127,0
DA:1128,1
DA:1129,0
DA:1130,0
DA:1131,1
DA:1132,1
DA:1133,0
DA:1134,0
DA:1135,1
DA:1136,1
DA:1137,0
DA:1138,1
DA:1139,1
DA:1140,0
DA:1141,1
DA:1142,1
DA:1143,0
DA:1144,0
DA:1145,1
DA:1146,0
DA:1147,1
DA:1148,1
DA:1149,1
DA:1150,1
DA:1151,1
DA:1152,1
DA:1153,0
DA:1154,1
DA:1155,1
DA:1156,1
DA:1157,0
DA:1158,0
DA:1159,0
DA:1160,1
DA:1161,1
DA:1162,0
DA:1163,0
DA:1164,0
DA:1165,0
DA:1166,1
DA:1167,0
DA:1168,0
DA:1169,0
DA:1170,0
DA:1171,0
DA:1172,0
DA:1173,0
DA:1174,0
DA:1175,0
DA:1176,0
DA:1177,0
DA:1178,0
DA:1179,1
DA:1180,0
DA:1181,1
DA:1182,1
DA:1183,0
DA:1184,1
DA:1185,1
DA:1186,1
DA:1187,0
DA:1188,1
DA:1189,0
DA:1190,1
DA:1191,1
DA:1192,0
DA:1193,1
DA:1194,1
DA:1195,1
DA:1196,0
DA:1197,0
DA:1198,1
DA:1199,1
DA:1200,1
DA:1201,0
DA:1202,1
DA:1203,1
DA:1204,1
DA:1205,1
DA:1206,1
DA:1207,1
DA:1208,0
DA:1209,1
DA:1210,1
DA:1211,1
DA:1212,0
DA:1213,1
DA:1214,0
DA:1215,1
DA:1216,1
DA:1217,1
DA:1218,1
DA:1219,1
DA:1220,0
DA:1221,1
DA:1222,0
DA:1223,1
DA:1224,0
DA:1225,0
DA:1226,0
DA:1227,1
DA:1228,1
DA:1229,0
DA:1230,0
DA:1231,1
DA:1232,1
DA:1233,0
DA:1234,1
DA:1235,0
DA:1236,0
DA:1237,0
DA:1238,0
DA:1239,0
DA:1240,0
DA:1241,1
DA:1242,1
DA:1243,0
DA:1244,0
DA:1245,0
DA:1246,1
DA:1247,1
DA:1248,0
DA:1249,1
DA:1250,0
DA:1251,0
DA:1252,0
DA:1253,0
DA:1254,1
DA:1255,1
DA:1256,0
DA:1257,0
DA:1258,1
DA:1259,1
DA:1260,1
DA:1261,0
DA:1262,0
DA:1263,1
DA:1264,0
DA:1265,1
DA:1266,0
DA:1267,0
DA:1268,1
DA:1269,0
DA:1270,1
DA:1271,0
DA:1272,0
DA:1273,0
DA:1274,0
DA:1275,1
DA:1276,0
DA:1277,0
DA:1278,1
DA:1279,1
DA:1280,0
DA:1281,1
DA:1282,1
DA:1283,0
DA:1284,1
DA:1285,0
DA:1286,0
DA:1287,0
DA:1288,0
DA:1289,1
DA:1290,1
DA:1291,1
DA:1292,1
DA:1293,0
DA:1294,1
DA:1295,1
DA:1296,0
DA:1297,0
DA:1298,0
DA:1299,1
DA:1300,1
DA:1301,0
DA:1302,0
DA:1303,1
DA:1304,1
DA:1305,1
DA:1306,0
DA:1307,1
DA:1308,0
DA:1309,0
DA:1310,1
DA:1311,1
DA:1312,0
DA:1313,1
DA:1314,1
DA:1315,0
DA:1316,0
DA:1317,1
DA:1318,0
DA:1319,1
DA:1320,0
DA:1321,0
DA:1322,0
DA:1323,1
DA:1324,0
DA:1325,0
DA:1326,0
DA:1327,0
DA:1328,0
DA:1329,1
DA:1330,0
DA:1331,1
DA:1332,1
DA:1333,0
DA:1334,0
DA:1335,1
DA:1336,0
DA:1337,0
DA:1338,0
DA:1339,1
DA:1340,0
DA:1341,0
DA:1342,0
DA:1343,0
DA:1344,1
DA:1345,0
DA:1346,0
DA:1347,0
DA:1348,0
DA:1349,0
DA:1350,1
DA:1351,0
DA:1352,1
DA:1353,1
DA:1354,0
DA:1355,0
DA:1356,1
DA:1357,1
DA:1358,0
DA:1359,0
DA:1360,0
DA:1361,1
DA:1362,1
DA:1363,1
DA:1364,0
DA:1365,1
DA:1366,1
DA:1367,1
DA:1368,1
DA:1369,0
DA:1370,1
DA:1371,1
DA:1372,1
DA:1373,0
DA:1374,1
DA:1375,0
DA:1376,0
DA:1377,0
DA:1378,0
DA:1379,0
DA:1380,0
DA:1381,0
DA:1382,0
DA:1383,1
DA:1384,0
DA:1385,1
DA:1386,0
DA:1387,0
DA:1388,0
DA:1389,1
DA:1390,0
DA:1391,1
DA:1392,1
DA:1393,1
DA:1394,0
DA:1395,0
DA:1396,1
DA:1397,1
DA:1398,1
DA:1399,0
DA:1400,0
DA:1401,1
DA:1402,0
DA:1403,1
DA:1404,1
DA:1405,0
DA:1406,0
DA:1407,1
DA:1408,1
DA:1409,1
DA:1410,0
DA:1411,0
DA:1412,1
DA:1413,0
DA:1414,0
DA:1415,0
DA:1416,0
DA:1417,0
DA:1418,0
DA:1419,1
DA:1420,1
DA:1421,1
DA:1422,1
DA:1423,0
DA:1424,1
DA:1425,0
DA:1426,0
DA:1427,1
DA:1428,1
DA:1429,0
DA:1430,0
DA:1431,0
DA:1432,1
DA:1433,0
DA:1434,1
DA:1435,0
DA:1436,1
DA:1437,1
DA:1438,1
DA:1439,0
DA:1440,1
DA:1441,1
DA:1442,1
DA:1443,0
DA:1444,0
DA:1445,0
DA:1446,1
DA:1447,0
DA:1448,1
DA:1449,1
DA:1450,1
DA:1451,0
DA:1452,1
DA:1453,0
DA:1454,1
DA:1455,1
DA:1456,1
DA:1457,1
DA:1458,0
DA:1459,1
DA:1460,0
DA:1461,0
DA:1462,1
DA:1463,0
DA:1464,0
DA:1465,1
DA:1466,1
DA:1467,0
DA:1468,1
DA:1469,0
DA:1470,0
DA:1471,1
DA:1472,1
DA:1473,1
DA:1474,0
DA:1475,1
DA:1476,1
DA:1477,0
DA:1478,0
DA:1479,0
DA:1480,1
DA:1481,1
DA:1482,0
DA:1483,0
DA:1484,0
DA:1485,1
DA:1486,1
DA:1487,0
DA:1488,1
DA:1489,1
DA:1490,0
DA:1491,0
DA:1492,1
DA:1493,1
DA:1494,1
DA:1495,1
DA:1496,0
DA:1497,0
DA:1498,0
DA:1499,1
DA:1500,1
DA:1501,1
DA:1502,1
DA:1503,1
DA:1504,1
DA:1505,0
DA:1506,1
DA:1507,1
DA:1508,1
DA:1509,0
DA:1510,0
DA:1511,1
DA:1512,0
DA:1513,1
DA:1514,0
DA:1515,1
DA:1516,1
DA:1517,0
DA:1518,1
DA:1519,1
DA:1520,1
DA:1521,1
DA:1522,0
DA:1523,1
DA:1524,1
DA:1525,0
DA:1526,1
DA:1527,0
DA:1528,1
DA:1529,1
DA:1530,0
DA:1531,0
DA:1532,0
DA:1533,1
DA:1534,1
DA:1535,0
DA:1536,1
DA:1537,1
DA:1538,1
DA:1539,1
DA:1540,0
DA:1541,1
DA:1542,0
DA:1543,1
DA:1544,0
DA:1545,1
DA:1546,0
DA:1547,0
DA:1548,1
DA:1549,1
DA:1550,0
DA:1551,0
DA:1552,0
DA:1553,1
DA:1554,0
DA:1555,1
DA:1556,1
DA:1557,0
DA:1558,0
DA:1559,0
DA:1560,1
DA:1561,1
DA:1562,1
DA:1563,1
DA:1564,0
DA:1565,0
DA:1566,0
DA:1567,1
DA:1568,0
DA:1569,0
DA:1570,0
DA:1571,0
DA:1572,0
DA:1573,1
DA:1574,1
DA:1575,0
DA:1576,0
DA:1577,0
DA:1578,0
DA:1579,1
DA:1580,0
DA:1581,0
DA:1582,0
DA:1583,0
DA:1584,0
DA:1585,1
DA:1586,0
DA:1587,2
DA:1590,2
DA:1598,1
DA:1601,1
DA:1609,1
DA:1612,3
DA:1620,0
DA:1623,2
DA:1631,1
DA:1634,3
DA:1642,1
DA:1645,3
DA:1653,1
DA:1656,2
DA:1664,0
DA:1667,1
DA:1675,0
DA:1678,3
DA:1686,0
DA:1689,2
DA:1697,0
DA:1700,3
DA:1708,0
DA:1711,2
DA:1719,0
DA:1722,1
DA:1730,0
DA:1733,2
DA:1741,0
DA:1744,1
DA:1752,1
DA:1753,3
DA:1754,0
DA:1762,1
DA:1763,0
DA:1764,0
DA:1765,0
DA:1766,0
DA:1767,0
DA:1768,0
DA:1769,0
DA:1770,0
DA:1771,0
DA:1772,0
DA:1773,0
DA:1774,0
DA:1775,0
DA:1776,0
DA:1777,0
DA:1778,0
DA:1779,0
DA:1780,0
DA:1781,0
DA:1782,0
DA:1783,0
DA:1784,0
DA:1785,0
DA:1786,0
DA:1787,0
DA:1788,0
DA:1789,0
DA:1790,0
DA:1791,0
DA:1792,0
DA:1793,0
DA:1794,0
DA:1795,0
DA:1796,0
DA:1797,0
DA:1798,0
DA:1799,0
DA:1800,0
DA:1801,0
DA:1802,0
DA:1803,0
DA:1804,0
DA:1805,0
DA:1806,0
DA:1807,0
DA:1808,0
DA:1809,0
DA:1810,0
DA:1811,0
DA:1812,0
DA:1813,0
DA:1814,0
DA:1815,0
DA:1816,0
DA:1817,0
DA:1818,0
DA:1819,0
DA:1820,0
DA:1821,0
DA:1822,0
DA:1823,0
DA:1824,0
DA:1825,0
DA:1826,0
DA:1827,0
DA:1828,0
DA:1829,0
DA:1830,0
DA:1831,0
DA:1832,0
DA:1833,0
DA:1834,0
DA:1835,0
DA:1836,0
DA:1837,0
DA:1838,0
DA:1839,0
DA:1840,0
DA:1841,0
DA:1842,0
DA:1843,0
DA:1844,0
DA:1845,0
DA:1846,0
DA:1847,0
DA:1848,0
DA:1849,0
DA:1850,0
DA:1851,0
DA:1852,0
DA:1853,0
DA:1854,0
DA:1855,0
DA:1856,0
DA:1857,0
DA:1858,0
DA:1859,0
DA:1860,0
DA:1861,0
DA:1862,0
DA:1863,0
DA:1864,0
DA:1865,0
DA:1866,0
DA:1867,0
DA:1868,0
DA:1869,0
DA:1870,0
DA:1871,0
DA:1872,0
DA:1873,0
DA:1874,0
DA:1875,0
DA:1876,0
DA:1877,0
DA:1878,0
DA:1879,0
DA:1880,0
DA:1881,0
DA:1882,0
DA:1883,0
DA:1884,0
DA:1885,0
DA:1886,0
DA:1887,0
DA:1888,0
DA:1889,0
DA:1890,0
DA:1891,0
DA:1892,0
DA:1893,0
DA:1894,0
DA:1895,0
DA:1896,0
DA:1897,0
DA:1898,0
DA:1899,0
DA:1900,0
DA:1901,0
DA:1902,0
DA:1903,0
DA:1904,0
DA:1905,0
DA:1906,0
DA:1907,0
DA:1908,0
DA:1909,0
DA:1910,0
DA:1911,0
DA:1912,0
DA:1913,0
DA:1914,0
DA:1915,0
DA:1916,0
DA:1917,0
DA:1918,0
DA:1919,0
DA:1920,0
DA:1921,0
DA:1922,0
DA:1923,0
DA:1924,0
DA:1925,0
DA:1926,0
DA:1927,0
DA:1928,0
DA:1929,0
DA:1930,0
DA:1931,0
DA:1932,0
DA:1933,0
DA:1934,0
DA:1935,0
DA:1936,0
DA:1937,0
DA:1938,0
DA:1939,0
DA:1940,0
DA:1941,0
DA:1942,0
DA:1943,0
DA:1944,0
DA:1945,0
DA:1946,0
DA:1947,0
DA:1948,0
DA:1949,0
DA:1950,0
DA:1951,0
DA:1952,0
DA:1953,0
DA:1954,0
DA:1955,0
DA:1956,0
DA:1957,0
DA:1958,0
DA:1959,0
DA:1960,0
DA:1961,0
DA:1962,0
DA:1963,0
DA:1964,0
DA:1965,0
DA:1966,0
DA:1967,0
DA:1968,0
DA:1969,0
DA:1970,0
DA:1971,0
DA:1972,0
DA:1973,0
DA:1974,0
DA:1975,0
DA:1976,0
DA:1977,0
DA:1978,0
DA:1979,0
DA:1980,0
DA:1981,0
DA:1982,0
DA:1983,0
DA:1984,0
DA:1985,0
DA:1986,0
DA:1987,0
DA:1988,0
DA:1989,0
DA:1990,0
DA:1991,0
DA:1992,0
DA:1993,0
DA:1994,0
DA:1995,0
DA:1996,0
DA:1997,0
DA:1998,0
DA:1999,0
DA:2000,0
DA:2001,0
DA:2002,0
DA:2003,0
DA:2004,0
DA:2005,0
DA:2006,0
DA:2007,0
DA:2008,0
DA:2009,0
DA:2010,0
DA:2011,0
DA:2012,0
DA:2013,0
DA:2014,0
DA:2015,0
DA:2016,0
DA:2017,0
DA:2018,0
DA:2019,0
DA:2020,0
DA:2021,0
DA:2022,0
DA:2023,0
DA:2024,0
DA:2025,0
DA:2026,0
DA:2027,0
DA:2028,0
DA:2029,0
DA:2030,0
DA:2031,0
DA:2032,0
DA:2033,0
DA:2034,0
DA:2035,0
DA:2036,0
DA:2037,0
DA:2038,0
DA:2039,0
DA:2040,0
DA:2041,0
DA:2042,0
DA:2043,0
DA:2044,0
DA:2045,0
DA:2046,0
DA:2047,0
DA:2048,0
DA:2049,0
DA:2050,0
DA:2051,0
DA:2052,0
DA:2053,0
DA:2054,0
DA:2055,0
DA:2056,0
DA:2057,0
DA:2058,0
DA:2059,0
DA:2060,0
DA:2061,0
DA:2062,0
DA:2063,0
DA:2064,0
DA:2065,0
DA:2066,0
DA:2067,0
DA:2068,0
DA:2069,0
DA:2070,0
DA:2071,0
DA:2072,0
DA:2073,0
DA:2074,0
DA:2075,0
DA:2076,0
DA:2077,0
DA:2078,0
DA:2079,0
DA:2080,0
DA:2081,0
DA:2082,0
DA:2083,0
DA:2084,0
DA:2085,0
DA:2086,0
DA:2087,0
DA:2088,0
DA:2089,0
DA:2090,0
DA:2091,0
DA:2092,0
DA:2093,0
DA:2094,0
DA:2095,0
DA:2096,0
DA:2097,0
DA:2098,0
DA:2099,0
DA:2100,0
DA:2101,0
DA:2102,0
DA:2103,0
DA:2104,0
DA:2105,0
DA:2106,0
DA:2107,0
DA:2108,0
DA:2109,0
DA:2110,0
DA:2111,0
DA:2112,0
DA:2113,0
DA:2114,0
DA:2115,0
DA:2116,0
DA:2117,0
DA:2118,0
DA:2119,0
DA:2120,0
DA:2121,0
DA:2122,0
DA:2123,0
DA:2124,0
DA:2125,0
DA:2126,0
DA:2127,0
DA:2128,0
DA:2129,0
DA:2130,0
DA:2131,0
DA:2132,0
DA:2133,0
DA:2134,0
DA:2135,0
DA:2136,0
DA:2137,0
DA:2138,0
DA:2139,0
DA:2140,0
DA:2141,0
DA:2142,0
DA:2143,0
DA:2144,0
DA:2145,0
DA:2146,0
DA:2147,0
DA:2148,0
DA:2149,0
DA:2150,0
DA:2151,0
DA:2152,0
DA:2153,0
DA:2154,0
DA:2155,0
DA:2156,0
DA:2157,0
DA:2158,0
DA:2159,0
DA:2160,0
DA:2161,0
DA:2162,0
DA:2163,0
DA:2164,0
DA:2165,0
DA:2166,0
DA:2167,0
DA:2168,0
DA:2169,0
DA:2170,0
DA:2171,0
DA:2172,0
DA:2173,0
DA:2174,0
DA:2175,0
DA:2176,0
DA:2177,0
DA:2178,0
DA:2179,0
DA:2180,0
DA:2181,0
DA:2182,0
DA:2183,0
DA:2184,0
DA:2185,0
DA:2186,0
DA:2187,0
DA:2188,0
DA:2189,0
DA:2190,0
DA:2191,0
DA:2192,0
DA:2193,0
DA:2194,0
DA:2195,0
DA:2196,0
DA:2197,0
DA:2198,0
DA:2199,0
DA:2200,0
DA:2201,0
DA:2202,0
DA:2203,0
DA:2204,0
DA:2205,0
DA:2206,0
DA:2207,0
DA:2208,0
DA:2209,0
DA:2210,0
DA:2211,0
DA:2212,0
DA:2213,0
DA:2214,0
DA:2215,0
DA:2216,0
DA:2217,0
DA:2218,0
DA:2219,0
DA:2220,0
DA:2221,0
DA:2222,0
DA:2223,0
DA:2224,0
DA:2225,0
DA:2226,0
DA:2227,0
DA:2228,0
DA:2229,0
DA:2230,0
DA:2231,0
DA:2232,0
DA:2233,0
DA:2234,0
DA:2235,0
DA:2236,0
DA:2237,0
DA:2238,0
DA:2239,0
DA:2240,0
DA:2241,0
DA:2242,0
DA:2243,0
DA:2244,0
DA:2245,0
DA:2246,0
DA:2247,0
DA:2248,0
DA:2249,0
DA:2250,0
DA:2251,0
DA:2252,0
DA:2253,0
DA:2254,0
DA:2255,0
DA:2256,0
DA:2257,0
DA:2258,0
DA:2259,0
DA:2260,0
DA:2261,0
DA:2262,0
DA:2263,0
DA:2264,0
DA:2265,0
DA:2266,0
DA:2267,0
DA:2268,0
DA:2269,0
DA:2270,0
DA:2271,0
DA:2272,0
DA:2273,0
DA:2274,0
DA:2275,0
DA:2276,0
DA:2277,0
DA:2278,0
DA:2279,0
DA:2280,0
DA:2281,0
DA:2282,0
DA:2283,0
DA:2284,0
DA:2285,0
DA:2286,0
DA:2287,0
DA:2288,0
DA:2289,0
DA:2290,0
DA:2291,0
DA:2292,0
DA:2293,0
DA:2294,0
DA:2295,0
DA:2296,0
DA:2297,0
DA:2298,0
DA:2299,0
DA:2300,0
DA:2301,0
DA:2302,0
DA:2303,0
DA:2304,0
DA:2305,0
DA:2306,0
DA:2307,0
DA:2308,0
DA:2309,0
DA:2310,0
DA:2311,0
DA:2312,0
DA:2313,0
DA:2314,0
DA:2315,0
DA:2316,0
DA:2317,0
DA:2318,0
DA:2319,0
DA:2320,0
DA:2321,0
DA:2322,0
DA:2323,0
DA:2324,0
DA:2325,0
DA:2326,0
DA:2327,0
DA:2328,0
DA:2329,0
DA:2330,0
DA:2331,0
DA:2332,0
DA:2333,0
DA:2334,0
DA:2335,0
DA:2336,0
DA:2337,0
DA:2338,0
DA:2339,0
DA:2340,0
DA:2341,0
DA:2342,0
DA:2343,0
DA:2344,0
DA:2345,0
DA:2346,0
DA:2347,0
DA:2348,0
DA:2349,0
DA:2350,0
DA:2351,0
DA:2352,0
DA:2353,0
DA:2354,0
DA:2355,0
DA:2356,0
DA:2357,0
DA:2358,0
DA:2359,0
DA:2360,0
DA:2361,0
DA:2362,0
DA:2363,0
DA:2364,0
DA:2365,0
DA:2366,0
DA:2367,0
DA:2368,0
DA:2369,0
DA:2370,0
DA:2371,0
DA:2372,0
DA:2373,0
DA:2374,0
DA:2375,0
DA:2376,0
DA:2377,0
DA:2378,0
DA:2379,0
DA:2380,0
DA:2381,0
DA:2382,0
DA:2383,0
DA:2384,0
DA:2385,0
DA:2386,0
DA:2387,0
DA:2388,0
DA:2389,0
DA:2390,0
DA:2391,0
DA:2392,0
DA:2393,0
DA:2394,0
DA:2395,0
DA:2396,0
DA:2397,0
DA:2398,0
DA:2399,0
DA:2400,0
DA:2401,0
DA:2402,0
DA:2403,0
DA:2404,0
DA:2405,0
DA:2406,0
DA:2407,0
DA:2409,0
DA:2410,0
DA:2411,0
DA:2412,0
DA:2413,0
DA:2414,0
DA:2415,0
DA:2416,0
DA:2417,0
DA:2418,0
DA:2419,0
DA:2420,0
DA:2421,0
DA:2422,0
DA:2423,0
DA:2424,0
DA:2425,0
DA:2426,0
DA:2427,0
DA:2428,0
DA:2429,0
DA:2430,0
DA:2431,0
DA:2432,0
DA:2433,0
DA:2434,0
DA:2435,0
DA:2436,0
DA:2437,0
DA:2438,0
DA:2439,0
DA:2440,0
DA:2441,0
DA:2442,0
DA:2443,0
DA:2444,0
DA:2445,0
DA:2446,0
DA:2447,0
DA:2448,0
DA:2449,0
DA:2450,0
DA:2451,0
DA:2452,0
DA:2453,0
DA:2454,0
DA:2455,0
DA:2456,0
DA:2457,0
DA:2458,0
DA:2459,0
DA:2460,0
DA:2461,0
DA:2462,0
DA:2463,0
DA:2464,0
DA:2465,0
DA:2466,0
DA:2467,0
DA:2468,0
DA:2469,0
DA:2470,0
DA:2471,0
DA:2472,0
DA:2473,0
DA:2474,0
DA:2475,0
DA:2476,0
DA:2477,0
DA:2478,0
DA:2479,0
DA:2480,0
DA:2481,0
DA:2482,0
DA:2483,0
DA:2484,0
DA:2485,0
DA:2486,0
DA:2487,0
DA:2488,0
DA:2489,0
DA:2490,0
DA:2491,0
DA:2492,0
DA:2493,0
DA:2494,0
DA:2495,0
DA:2496,0
DA:2497,0
DA:2498,0
DA:2499,0
DA:2500,0
DA:2501,0
DA:2502,0
DA:2503,0
DA:2504,0
DA:2505,0
DA:2506,0
DA:2507,0
DA:2508,0
DA:2509,0
DA:2510,0
DA:2511,0
DA:2512,0
DA:2513,0
DA:2514,0
DA:2515,0
DA:2516,0
DA:2517,0
DA:2518,0
DA:2519,0
DA:2520,0
DA:2521,0
DA:2522,0
DA:2523,0
DA:2524,0
DA:2525,0
DA:2526,0
DA:2527,0
DA:2528,0
DA:2529,0
DA:2530,0
DA:2531,0
DA:2532,0
DA:2533,0
DA:2534,0
DA:2535,0
DA:2536,0
DA:2537,0
DA:2538,0
DA:2539,0
DA:2540,0
DA:2541,0
DA:2542,0
DA:2543,0
DA:2544,0
DA:2545,0
DA:2546,0
DA:2547,0
DA:2548,0
DA:2549,0
DA:2550,0
DA:2551,0
DA:2552,0
DA:2553,0
DA:2554,0
DA:2555,0
DA:2556,0
DA:2557,0
DA:2558,0
DA:2559,0
DA:2560,0
DA:2561,0
DA:2562,0
DA:2563,0
DA:2564,0
DA:2565,0
DA:2566,0
DA:2567,0
DA:2568,0
DA:2569,0
DA:2577,1
DA:6285,0
DA:6286,1
DA:6287,2
DA:6288,2
DA:6289,2
DA:6290,3
DA:6291,0
DA:6295,1
DA:6296,0
DA:6297,0
DA:6303,1
end_of_record
SF:/home/yzcc/ysyx-workbench/npc/debug/picker_out_MulDebug/MulDebug_top.sv
DA:3,0
DA:4,1
DA:5,2
DA:6,2
DA:7,2
DA:8,3
DA:9,0
DA:38,21
DA:40,21
DA:43,1
DA:45,1
DA:48,21
DA:50,21
DA:53,1
DA:55,1
DA:58,21
DA:60,21
DA:63,1
DA:65,1
DA:68,21
DA:70,21
DA:73,10
DA:75,10
DA:78,21
DA:80,21
DA:83,10
DA:85,10
DA:88,21
DA:90,21
DA:93,9
DA:95,9
DA:98,53
DA:100,53
DA:103,0
DA:105,0
DA:110,1
DA:111,1
DA:112,1
end_of_record
